Using pre-set license
Built from '2021.3/staging' branch; Version is '2021.3.22f1 (b6c551784ba3) revision 11978065'; Using compiler version '192829333'; Build Type 'Release'
OS: 'Windows 11  (10.0.22621) 64bit Core' Language: 'en' Physical Memory: 8034 MB
BatchMode: 1, IsHumanControllingUs: 0, StartBugReporterOnCrash: 0, Is64bit: 1, IsPro: 1

COMMAND LINE ARGUMENTS:
C:\Program Files\Unity\Hub\Editor\2021.3.22f1\Editor\Unity.exe
-adb2
-batchMode
-noUpm
-name
AssetImportWorker0
-projectPath
C:/Users/Hua/S-t-imulation-Game/S(t)imulation Game
-logFile
Logs/AssetImportWorker0.log
-srvPort
58839
Successfully changed project path to: C:/Users/Hua/S-t-imulation-Game/S(t)imulation Game
C:/Users/Hua/S-t-imulation-Game/S(t)imulation Game
[UnityMemory] Configuration Parameters - Can be set up in boot.config
    "memorysetup-bucket-allocator-granularity=16"
    "memorysetup-bucket-allocator-bucket-count=8"
    "memorysetup-bucket-allocator-block-size=33554432"
    "memorysetup-bucket-allocator-block-count=8"
    "memorysetup-main-allocator-block-size=16777216"
    "memorysetup-thread-allocator-block-size=16777216"
    "memorysetup-gfx-main-allocator-block-size=16777216"
    "memorysetup-gfx-thread-allocator-block-size=16777216"
    "memorysetup-cache-allocator-block-size=4194304"
    "memorysetup-typetree-allocator-block-size=2097152"
    "memorysetup-profiler-bucket-allocator-granularity=16"
    "memorysetup-profiler-bucket-allocator-bucket-count=8"
    "memorysetup-profiler-bucket-allocator-block-size=33554432"
    "memorysetup-profiler-bucket-allocator-block-count=8"
    "memorysetup-profiler-allocator-block-size=16777216"
    "memorysetup-profiler-editor-allocator-block-size=1048576"
    "memorysetup-temp-allocator-size-main=16777216"
    "memorysetup-job-temp-allocator-block-size=2097152"
    "memorysetup-job-temp-allocator-block-size-background=1048576"
    "memorysetup-job-temp-allocator-reduction-small-platforms=262144"
    "memorysetup-temp-allocator-size-background-worker=32768"
    "memorysetup-temp-allocator-size-job-worker=262144"
    "memorysetup-temp-allocator-size-preload-manager=33554432"
    "memorysetup-temp-allocator-size-nav-mesh-worker=65536"
    "memorysetup-temp-allocator-size-audio-worker=65536"
    "memorysetup-temp-allocator-size-cloud-worker=32768"
    "memorysetup-temp-allocator-size-gi-baking-worker=262144"
    "memorysetup-temp-allocator-size-gfx=262144"
Player connection [448] Host "[IP] 172.16.7.110 [Port] 0 [Flags] 2 [Guid] 1038945630 [EditorId] 1038945630 [Version] 1048832 [Id] WindowsEditor(7,MSI) [Debug] 1 [PackageName] WindowsEditor [ProjectName] Editor" joined multi-casting on [225.0.0.222:54997]...

Player connection [448] Host "[IP] 172.16.7.110 [Port] 0 [Flags] 2 [Guid] 1038945630 [EditorId] 1038945630 [Version] 1048832 [Id] WindowsEditor(7,MSI) [Debug] 1 [PackageName] WindowsEditor [ProjectName] Editor" joined alternative multi-casting on [225.0.0.222:34997]...

Refreshing native plugins compatible for Editor in 159.23 ms, found 3 plugins.
Preloading 0 native plugins for Editor in 0.00 ms.
Initialize engine version: 2021.3.22f1 (b6c551784ba3)
[Subsystems] Discovering subsystems at path C:/Program Files/Unity/Hub/Editor/2021.3.22f1/Editor/Data/Resources/UnitySubsystems
[Subsystems] Discovering subsystems at path C:/Users/Hua/S-t-imulation-Game/S(t)imulation Game/Assets
GfxDevice: creating device client; threaded=0; jobified=0
Direct3D:
    Version:  Direct3D 11.0 [level 11.1]
    Renderer: NVIDIA GeForce GTX 1650 Ti with Max-Q Design (ID=0x1f95)
    Vendor:   NVIDIA
    VRAM:     3962 MB
    Driver:   27.21.14.6221
Initialize mono
Mono path[0] = 'C:/Program Files/Unity/Hub/Editor/2021.3.22f1/Editor/Data/Managed'
Mono path[1] = 'C:/Program Files/Unity/Hub/Editor/2021.3.22f1/Editor/Data/MonoBleedingEdge/lib/mono/unityjit-win32'
Mono config path = 'C:/Program Files/Unity/Hub/Editor/2021.3.22f1/Editor/Data/MonoBleedingEdge/etc'
Using monoOptions --debugger-agent=transport=dt_socket,embedding=1,server=y,suspend=n,address=127.0.0.1:56320
Begin MonoManager ReloadAssembly
Registering precompiled unity dll's ...
Register platform support module: C:/Program Files/Unity/Hub/Editor/2021.3.22f1/Editor/Data/PlaybackEngines/WebGLSupport/UnityEditor.WebGL.Extensions.dll
Register platform support module: C:/Program Files/Unity/Hub/Editor/2021.3.22f1/Editor/Data/PlaybackEngines/MacStandaloneSupport/UnityEditor.OSXStandalone.Extensions.dll
Register platform support module: C:/Program Files/Unity/Hub/Editor/2021.3.22f1/Editor/Data/PlaybackEngines/WindowsStandaloneSupport/UnityEditor.WindowsStandalone.Extensions.dll
Registered in 0.016122 seconds.
Native extension for WindowsStandalone target not found
Native extension for OSXStandalone target not found
Native extension for WebGL target not found
Refreshing native plugins compatible for Editor in 115.77 ms, found 3 plugins.
Preloading 0 native plugins for Editor in 0.00 ms.
Mono: successfully reloaded assembly
- Completed reload, in  0.991 seconds
Domain Reload Profiling:
	ReloadAssembly (992ms)
		BeginReloadAssembly (145ms)
			ExecutionOrderSort (0ms)
			DisableScriptedObjects (0ms)
			BackupInstance (0ms)
			ReleaseScriptingObjects (0ms)
			CreateAndSetChildDomain (1ms)
		EndReloadAssembly (670ms)
			LoadAssemblies (139ms)
			RebuildTransferFunctionScriptingTraits (0ms)
			SetupTypeCache (152ms)
			ReleaseScriptCaches (0ms)
			RebuildScriptCaches (38ms)
			SetupLoadedEditorAssemblies (402ms)
				LogAssemblyErrors (0ms)
				InitializePlatformSupportModulesInManaged (18ms)
				SetLoadedEditorAssemblies (0ms)
				RefreshPlugins (116ms)
				BeforeProcessingInitializeOnLoad (2ms)
				ProcessInitializeOnLoadAttributes (195ms)
				ProcessInitializeOnLoadMethodAttributes (70ms)
				AfterProcessingInitializeOnLoad (0ms)
				EditorAssembliesLoaded (0ms)
			ExecutionOrderSort2 (0ms)
			AwakeInstancesAfterBackupRestoration (0ms)
Platform modules already initialized, skipping
Registering precompiled user dll's ...
Registered in 0.014473 seconds.
Begin MonoManager ReloadAssembly
Symbol file LoadedFromMemory doesn't match image C:\Users\Hua\S-t-imulation-Game\S(t)imulation Game\Library\PackageCache\com.unity.visualscripting@1.8.0\Editor\VisualScripting.Core\Dependencies\YamlDotNet\Unity.VisualScripting.YamlDotNet.dll
Symbol file LoadedFromMemory doesn't match image C:\Users\Hua\S-t-imulation-Game\S(t)imulation Game\Library\PackageCache\com.unity.visualscripting@1.8.0\Editor\VisualScripting.Core\Dependencies\DotNetZip\Unity.VisualScripting.IonicZip.dll
Native extension for WindowsStandalone target not found
Native extension for OSXStandalone target not found
Native extension for WebGL target not found
Refreshing native plugins compatible for Editor in 1.13 ms, found 3 plugins.
Preloading 0 native plugins for Editor in 0.00 ms.
Mono: successfully reloaded assembly
- Completed reload, in  2.015 seconds
Domain Reload Profiling:
	ReloadAssembly (2017ms)
		BeginReloadAssembly (225ms)
			ExecutionOrderSort (0ms)
			DisableScriptedObjects (10ms)
			BackupInstance (0ms)
			ReleaseScriptingObjects (0ms)
			CreateAndSetChildDomain (30ms)
		EndReloadAssembly (1574ms)
			LoadAssemblies (195ms)
			RebuildTransferFunctionScriptingTraits (0ms)
			SetupTypeCache (490ms)
			ReleaseScriptCaches (1ms)
			RebuildScriptCaches (111ms)
			SetupLoadedEditorAssemblies (699ms)
				LogAssemblyErrors (0ms)
				InitializePlatformSupportModulesInManaged (23ms)
				SetLoadedEditorAssemblies (1ms)
				RefreshPlugins (2ms)
				BeforeProcessingInitializeOnLoad (185ms)
				ProcessInitializeOnLoadAttributes (425ms)
				ProcessInitializeOnLoadMethodAttributes (38ms)
				AfterProcessingInitializeOnLoad (24ms)
				EditorAssembliesLoaded (0ms)
			ExecutionOrderSort2 (0ms)
			AwakeInstancesAfterBackupRestoration (22ms)
Platform modules already initialized, skipping
========================================================================
Worker process is ready to serve import requests
Launched and connected shader compiler UnityShaderCompiler.exe after 0.12 seconds
Refreshing native plugins compatible for Editor in 0.82 ms, found 3 plugins.
Preloading 0 native plugins for Editor in 0.00 ms.
Unloading 3047 Unused Serialized files (Serialized files now loaded: 0)
Unloading 24 unused Assets / (113.4 KB). Loaded Objects now: 3507.
Memory consumption went from 107.5 MB to 107.3 MB.
Total: 6.297400 ms (FindLiveObjects: 0.336900 ms CreateObjectMapping: 0.474700 ms MarkObjects: 5.339800 ms  DeleteObjects: 0.144700 ms)

AssetImportParameters requested are different than current active one (requested -> active):
  custom:video-decoder-ogg-theora: a1e56fd34408186e4bbccfd4996cb3dc -> 
  custom:container-muxer-webm: aa71ff27fc2769a1b78a27578f13a17b -> 
  custom:container-demuxer-webm: 4f35f7cbe854078d1ac9338744f61a02 -> 
  custom:video-encoder-webm-vp8: eb34c28f22e8b96e1ab97ce403110664 -> 
  custom:audio-encoder-webm-vorbis: bf7c407c2cedff20999df2af8eb42d56 -> 
  custom:framework-win-MediaFoundation: 216162199b28c13a410421893ffa2e32 -> 
  custom:container-demuxer-ogg: 62fdf1f143b41e24485cea50d1cbac27 -> 
  custom:video-decoder-webm-vp8: 9c59270c3fd7afecdb556c50c9e8de78 -> 
  custom:audio-decoder-ogg-vorbis: bf7c407c2cedff20999df2af8eb42d56 -> 
========================================================================
Received Import Request.
  Time since last request: 8828.852298 seconds.
  path: Assets/Scenes
  artifactKey: Guid(6ea315d0fd7389c41b19996891e99ae3) Importer(815301076,1909f56bfc062723c751e8b465ee728b)
Start importing Assets/Scenes using Guid(6ea315d0fd7389c41b19996891e99ae3) Importer(815301076,1909f56bfc062723c751e8b465ee728b)  -> (artifact id: 'b8193726cff86800c54781cdc6d54904') in 0.012163 seconds 
========================================================================
Received Import Request.
  Time since last request: 5.170087 seconds.
  path: Assets/Scenes/GameScene.unity
  artifactKey: Guid(9fc0d4010bbf28b4594072e72b8655ab) Importer(815301076,1909f56bfc062723c751e8b465ee728b)
Start importing Assets/Scenes/GameScene.unity using Guid(9fc0d4010bbf28b4594072e72b8655ab) Importer(815301076,1909f56bfc062723c751e8b465ee728b)  -> (artifact id: '5e45ca21a33c87628472138b8026b5c0') in 0.006849 seconds 
========================================================================
Received Prepare
Registering precompiled user dll's ...
Registered in 0.023509 seconds.
Begin MonoManager ReloadAssembly
Symbol file LoadedFromMemory doesn't match image C:\Users\Hua\S-t-imulation-Game\S(t)imulation Game\Library\PackageCache\com.unity.visualscripting@1.8.0\Editor\VisualScripting.Core\Dependencies\YamlDotNet\Unity.VisualScripting.YamlDotNet.dll
Symbol file LoadedFromMemory doesn't match image C:\Users\Hua\S-t-imulation-Game\S(t)imulation Game\Library\PackageCache\com.unity.visualscripting@1.8.0\Editor\VisualScripting.Core\Dependencies\DotNetZip\Unity.VisualScripting.IonicZip.dll
Native extension for WindowsStandalone target not found
Native extension for OSXStandalone target not found
Native extension for WebGL target not found
Refreshing native plugins compatible for Editor in 0.75 ms, found 3 plugins.
Preloading 0 native plugins for Editor in 0.00 ms.
Mono: successfully reloaded assembly
- Completed reload, in  1.796 seconds
Domain Reload Profiling:
	ReloadAssembly (1797ms)
		BeginReloadAssembly (301ms)
			ExecutionOrderSort (0ms)
			DisableScriptedObjects (11ms)
			BackupInstance (0ms)
			ReleaseScriptingObjects (0ms)
			CreateAndSetChildDomain (61ms)
		EndReloadAssembly (1243ms)
			LoadAssemblies (234ms)
			RebuildTransferFunctionScriptingTraits (0ms)
			SetupTypeCache (474ms)
			ReleaseScriptCaches (1ms)
			RebuildScriptCaches (56ms)
			SetupLoadedEditorAssemblies (463ms)
				LogAssemblyErrors (0ms)
				InitializePlatformSupportModulesInManaged (16ms)
				SetLoadedEditorAssemblies (1ms)
				RefreshPlugins (1ms)
				BeforeProcessingInitializeOnLoad (106ms)
				ProcessInitializeOnLoadAttributes (291ms)
				ProcessInitializeOnLoadMethodAttributes (27ms)
				AfterProcessingInitializeOnLoad (20ms)
				EditorAssembliesLoaded (0ms)
			ExecutionOrderSort2 (0ms)
			AwakeInstancesAfterBackupRestoration (16ms)
Platform modules already initialized, skipping
Refreshing native plugins compatible for Editor in 4.18 ms, found 3 plugins.
Preloading 0 native plugins for Editor in 0.00 ms.
Unloading 3045 Unused Serialized files (Serialized files now loaded: 0)
Unloading 17 unused Assets / (79.9 KB). Loaded Objects now: 3513.
Memory consumption went from 107.4 MB to 107.4 MB.
Total: 4.011200 ms (FindLiveObjects: 0.354700 ms CreateObjectMapping: 0.317900 ms MarkObjects: 3.234200 ms  DeleteObjects: 0.102800 ms)

AssetImportParameters requested are different than current active one (requested -> active):
  custom:video-decoder-ogg-theora: a1e56fd34408186e4bbccfd4996cb3dc -> 
  custom:container-muxer-webm: aa71ff27fc2769a1b78a27578f13a17b -> 
  custom:container-demuxer-webm: 4f35f7cbe854078d1ac9338744f61a02 -> 
  custom:video-encoder-webm-vp8: eb34c28f22e8b96e1ab97ce403110664 -> 
  custom:audio-encoder-webm-vorbis: bf7c407c2cedff20999df2af8eb42d56 -> 
  custom:framework-win-MediaFoundation: 216162199b28c13a410421893ffa2e32 -> 
  custom:container-demuxer-ogg: 62fdf1f143b41e24485cea50d1cbac27 -> 
  custom:video-decoder-webm-vp8: 9c59270c3fd7afecdb556c50c9e8de78 -> 
  custom:audio-decoder-ogg-vorbis: bf7c407c2cedff20999df2af8eb42d56 -> 
========================================================================
Received Import Request.
  Time since last request: 116.121702 seconds.
  path: Assets/Speech-Recognition-Unity-master
  artifactKey: Guid(4d7e5d62de6598d45950b1adcd80c2bf) Importer(815301076,1909f56bfc062723c751e8b465ee728b)
Start importing Assets/Speech-Recognition-Unity-master using Guid(4d7e5d62de6598d45950b1adcd80c2bf) Importer(815301076,1909f56bfc062723c751e8b465ee728b)  -> (artifact id: 'd884a73764906d5a47b489f6b2fe826d') in 0.011877 seconds 
========================================================================
Received Import Request.
  Time since last request: 3.035062 seconds.
  path: Assets/Speech-Recognition-Unity-master/SpeechRecognitionUnity
  artifactKey: Guid(61d92dec8e498094a9dd0bc96ba89340) Importer(815301076,1909f56bfc062723c751e8b465ee728b)
Start importing Assets/Speech-Recognition-Unity-master/SpeechRecognitionUnity using Guid(61d92dec8e498094a9dd0bc96ba89340) Importer(815301076,1909f56bfc062723c751e8b465ee728b)  -> (artifact id: 'b6f1ffea4784df997688fe9f87275fe1') in 0.006821 seconds 
========================================================================
Received Import Request.
  Time since last request: 1.858604 seconds.
  path: Assets/Speech-Recognition-Unity-master/SpeechRecognitionUnity/Packages
  artifactKey: Guid(744ac110fe0af484e9f1749b7f10dc15) Importer(815301076,1909f56bfc062723c751e8b465ee728b)
Start importing Assets/Speech-Recognition-Unity-master/SpeechRecognitionUnity/Packages using Guid(744ac110fe0af484e9f1749b7f10dc15) Importer(815301076,1909f56bfc062723c751e8b465ee728b)  -> (artifact id: '6feb5d0e90698a0b02c6412531d61e12') in 0.005387 seconds 
========================================================================
Received Import Request.
  Time since last request: 10.943528 seconds.
  path: Assets/Speech-Recognition-Unity-master/SpeechRecognitionUnity/Assets
  artifactKey: Guid(c00d2e414fc64444498b451be7c8a6f6) Importer(815301076,1909f56bfc062723c751e8b465ee728b)
Start importing Assets/Speech-Recognition-Unity-master/SpeechRecognitionUnity/Assets using Guid(c00d2e414fc64444498b451be7c8a6f6) Importer(815301076,1909f56bfc062723c751e8b465ee728b)  -> (artifact id: '0e7a54df17de2b04eb451747d42d3422') in 0.007459 seconds 
========================================================================
Received Import Request.
  Time since last request: 2.129470 seconds.
  path: Assets/Speech-Recognition-Unity-master/SpeechRecognitionUnity/Assets/UI
  artifactKey: Guid(80b5a4385c717be4ba0ee7740972942d) Importer(815301076,1909f56bfc062723c751e8b465ee728b)
Start importing Assets/Speech-Recognition-Unity-master/SpeechRecognitionUnity/Assets/UI using Guid(80b5a4385c717be4ba0ee7740972942d) Importer(815301076,1909f56bfc062723c751e8b465ee728b)  -> (artifact id: '3dbc979a3e170b15e7cd190071a4229b') in 0.006576 seconds 
========================================================================
Received Import Request.
  Time since last request: 0.064826 seconds.
  path: Assets/Speech-Recognition-Unity-master/SpeechRecognitionUnity/Assets/UI/Background.jpg
  artifactKey: Guid(c80b1564e0f15ed469fee8e33c266992) Importer(815301076,1909f56bfc062723c751e8b465ee728b)
Start importing Assets/Speech-Recognition-Unity-master/SpeechRecognitionUnity/Assets/UI/Background.jpg using Guid(c80b1564e0f15ed469fee8e33c266992) Importer(815301076,1909f56bfc062723c751e8b465ee728b)  -> (artifact id: '457f2a6410700f1432e1d6abb7f60a8f') in 0.456836 seconds 
========================================================================
Received Import Request.
  Time since last request: 7.921529 seconds.
  path: Assets/Speech-Recognition-Unity-master/SpeechRecognitionUnity/UWP
  artifactKey: Guid(83a7a1ec90d807a49a6b0e72a58b8252) Importer(815301076,1909f56bfc062723c751e8b465ee728b)
Start importing Assets/Speech-Recognition-Unity-master/SpeechRecognitionUnity/UWP using Guid(83a7a1ec90d807a49a6b0e72a58b8252) Importer(815301076,1909f56bfc062723c751e8b465ee728b)  -> (artifact id: '238daeca6959ccc8f89665a2011d6858') in 0.005801 seconds 
========================================================================
Received Import Request.
  Time since last request: 3.217040 seconds.
  path: Assets/Speech-Recognition-Unity-master/SpeechRecognitionUnity/ProjectSettings
  artifactKey: Guid(664578ee9732cdc40ac6f0dd590a1ead) Importer(815301076,1909f56bfc062723c751e8b465ee728b)
Start importing Assets/Speech-Recognition-Unity-master/SpeechRecognitionUnity/ProjectSettings using Guid(664578ee9732cdc40ac6f0dd590a1ead) Importer(815301076,1909f56bfc062723c751e8b465ee728b)  -> (artifact id: '7f11d0b51ce2219f1ed04d6bc881c676') in 0.007737 seconds 
========================================================================
Received Import Request.
  Time since last request: 23.288502 seconds.
  path: Assets/Speech-Recognition-Unity-master/SpeechRecognitionUnity/Assets/Open Dictation Mode
  artifactKey: Guid(f1cf68c4dc99cb3479ccbf626cb71342) Importer(815301076,1909f56bfc062723c751e8b465ee728b)
Start importing Assets/Speech-Recognition-Unity-master/SpeechRecognitionUnity/Assets/Open Dictation Mode using Guid(f1cf68c4dc99cb3479ccbf626cb71342) Importer(815301076,1909f56bfc062723c751e8b465ee728b)  -> (artifact id: '7011bbb7f7c5e0e79f30afb5710414f0') in 0.007004 seconds 
========================================================================
Received Import Request.
  Time since last request: 1.920079 seconds.
  path: Assets/Speech-Recognition-Unity-master/SpeechRecognitionUnity/Assets/Open Dictation Mode/DictationEngine.cs
  artifactKey: Guid(97c7daa50b1c36d47b078ab4ca3aff36) Importer(815301076,1909f56bfc062723c751e8b465ee728b)
Start importing Assets/Speech-Recognition-Unity-master/SpeechRecognitionUnity/Assets/Open Dictation Mode/DictationEngine.cs using Guid(97c7daa50b1c36d47b078ab4ca3aff36) Importer(815301076,1909f56bfc062723c751e8b465ee728b)  -> (artifact id: '3beed500ee016d5d51e11e2abb0f387b') in 0.050721 seconds 
========================================================================
Received Import Request.
  Time since last request: 52.470447 seconds.
  path: Assets/Speech-Recognition-Unity-master/SpeechRecognitionUnity/Assets/Open Dictation Mode/DictationMode.unity
  artifactKey: Guid(27790876c0b46d14b8b412f65e91c615) Importer(815301076,1909f56bfc062723c751e8b465ee728b)
Start importing Assets/Speech-Recognition-Unity-master/SpeechRecognitionUnity/Assets/Open Dictation Mode/DictationMode.unity using Guid(27790876c0b46d14b8b412f65e91c615) Importer(815301076,1909f56bfc062723c751e8b465ee728b)  -> (artifact id: '78cd452fe59bb3589ca9a4a7e860bba8') in 0.014434 seconds 
========================================================================
Received Prepare
Registering precompiled user dll's ...
Registered in 0.031868 seconds.
Begin MonoManager ReloadAssembly
Symbol file LoadedFromMemory doesn't match image C:\Users\Hua\S-t-imulation-Game\S(t)imulation Game\Library\PackageCache\com.unity.visualscripting@1.8.0\Editor\VisualScripting.Core\Dependencies\YamlDotNet\Unity.VisualScripting.YamlDotNet.dll
Symbol file LoadedFromMemory doesn't match image C:\Users\Hua\S-t-imulation-Game\S(t)imulation Game\Library\PackageCache\com.unity.visualscripting@1.8.0\Editor\VisualScripting.Core\Dependencies\DotNetZip\Unity.VisualScripting.IonicZip.dll
Native extension for WindowsStandalone target not found
Native extension for OSXStandalone target not found
Native extension for WebGL target not found
Refreshing native plugins compatible for Editor in 1.27 ms, found 3 plugins.
Preloading 0 native plugins for Editor in 0.00 ms.
Mono: successfully reloaded assembly
- Completed reload, in  2.744 seconds
Domain Reload Profiling:
	ReloadAssembly (2746ms)
		BeginReloadAssembly (394ms)
			ExecutionOrderSort (0ms)
			DisableScriptedObjects (12ms)
			BackupInstance (0ms)
			ReleaseScriptingObjects (0ms)
			CreateAndSetChildDomain (79ms)
		EndReloadAssembly (2042ms)
			LoadAssemblies (277ms)
			RebuildTransferFunctionScriptingTraits (0ms)
			SetupTypeCache (844ms)
			ReleaseScriptCaches (2ms)
			RebuildScriptCaches (127ms)
			SetupLoadedEditorAssemblies (719ms)
				LogAssemblyErrors (0ms)
				InitializePlatformSupportModulesInManaged (33ms)
				SetLoadedEditorAssemblies (2ms)
				RefreshPlugins (2ms)
				BeforeProcessingInitializeOnLoad (167ms)
				ProcessInitializeOnLoadAttributes (452ms)
				ProcessInitializeOnLoadMethodAttributes (39ms)
				AfterProcessingInitializeOnLoad (25ms)
				EditorAssembliesLoaded (0ms)
			ExecutionOrderSort2 (0ms)
			AwakeInstancesAfterBackupRestoration (21ms)
Platform modules already initialized, skipping
Refreshing native plugins compatible for Editor in 4.34 ms, found 3 plugins.
Preloading 0 native plugins for Editor in 0.00 ms.
Unloading 3045 Unused Serialized files (Serialized files now loaded: 0)
Unloading 17 unused Assets / (79.9 KB). Loaded Objects now: 3523.
Memory consumption went from 111.8 MB to 111.7 MB.
Total: 6.849800 ms (FindLiveObjects: 0.455000 ms CreateObjectMapping: 0.423600 ms MarkObjects: 5.805100 ms  DeleteObjects: 0.164000 ms)

AssetImportParameters requested are different than current active one (requested -> active):
  custom:video-decoder-ogg-theora: a1e56fd34408186e4bbccfd4996cb3dc -> 
  custom:container-muxer-webm: aa71ff27fc2769a1b78a27578f13a17b -> 
  custom:container-demuxer-webm: 4f35f7cbe854078d1ac9338744f61a02 -> 
  custom:video-encoder-webm-vp8: eb34c28f22e8b96e1ab97ce403110664 -> 
  custom:audio-encoder-webm-vorbis: bf7c407c2cedff20999df2af8eb42d56 -> 
  custom:framework-win-MediaFoundation: 216162199b28c13a410421893ffa2e32 -> 
  custom:container-demuxer-ogg: 62fdf1f143b41e24485cea50d1cbac27 -> 
  custom:video-decoder-webm-vp8: 9c59270c3fd7afecdb556c50c9e8de78 -> 
  custom:audio-decoder-ogg-vorbis: bf7c407c2cedff20999df2af8eb42d56 -> 
========================================================================
Received Import Request.
  Time since last request: 61.066758 seconds.
  path: Assets/Speech-Recognition-Unity-master/SpeechRecognitionUnity/Assets/Simple Voice Commands
  artifactKey: Guid(f005549e47548564e9b0d0a53c197d33) Importer(815301076,1909f56bfc062723c751e8b465ee728b)
Start importing Assets/Speech-Recognition-Unity-master/SpeechRecognitionUnity/Assets/Simple Voice Commands using Guid(f005549e47548564e9b0d0a53c197d33) Importer(815301076,1909f56bfc062723c751e8b465ee728b)  -> (artifact id: '19339d19ca12a5e27ef22ffdb02e0513') in 0.012236 seconds 
========================================================================
Received Import Request.
  Time since last request: 1.263040 seconds.
  path: Assets/Speech-Recognition-Unity-master/SpeechRecognitionUnity/Assets/Simple Voice Commands/VoiceCommands.unity
  artifactKey: Guid(cc61d614e0f8c1346bcd34a2b0338bee) Importer(815301076,1909f56bfc062723c751e8b465ee728b)
Start importing Assets/Speech-Recognition-Unity-master/SpeechRecognitionUnity/Assets/Simple Voice Commands/VoiceCommands.unity using Guid(cc61d614e0f8c1346bcd34a2b0338bee) Importer(815301076,1909f56bfc062723c751e8b465ee728b)  -> (artifact id: '3cfcb626e48a344881a40cf39b4fd49c') in 0.009494 seconds 
========================================================================
Received Prepare
Registering precompiled user dll's ...
Registered in 0.022359 seconds.
Begin MonoManager ReloadAssembly
Symbol file LoadedFromMemory doesn't match image C:\Users\Hua\S-t-imulation-Game\S(t)imulation Game\Library\PackageCache\com.unity.visualscripting@1.8.0\Editor\VisualScripting.Core\Dependencies\YamlDotNet\Unity.VisualScripting.YamlDotNet.dll
Symbol file LoadedFromMemory doesn't match image C:\Users\Hua\S-t-imulation-Game\S(t)imulation Game\Library\PackageCache\com.unity.visualscripting@1.8.0\Editor\VisualScripting.Core\Dependencies\DotNetZip\Unity.VisualScripting.IonicZip.dll
Native extension for WindowsStandalone target not found
Native extension for OSXStandalone target not found
Native extension for WebGL target not found
Refreshing native plugins compatible for Editor in 1.24 ms, found 3 plugins.
Preloading 0 native plugins for Editor in 0.00 ms.
Mono: successfully reloaded assembly
- Completed reload, in  2.464 seconds
Domain Reload Profiling:
	ReloadAssembly (2465ms)
		BeginReloadAssembly (296ms)
			ExecutionOrderSort (0ms)
			DisableScriptedObjects (11ms)
			BackupInstance (0ms)
			ReleaseScriptingObjects (0ms)
			CreateAndSetChildDomain (67ms)
		EndReloadAssembly (1888ms)
			LoadAssemblies (212ms)
			RebuildTransferFunctionScriptingTraits (0ms)
			SetupTypeCache (691ms)
			ReleaseScriptCaches (2ms)
			RebuildScriptCaches (117ms)
			SetupLoadedEditorAssemblies (765ms)
				LogAssemblyErrors (0ms)
				InitializePlatformSupportModulesInManaged (26ms)
				SetLoadedEditorAssemblies (2ms)
				RefreshPlugins (2ms)
				BeforeProcessingInitializeOnLoad (194ms)
				ProcessInitializeOnLoadAttributes (475ms)
				ProcessInitializeOnLoadMethodAttributes (39ms)
				AfterProcessingInitializeOnLoad (27ms)
				EditorAssembliesLoaded (0ms)
			ExecutionOrderSort2 (0ms)
			AwakeInstancesAfterBackupRestoration (23ms)
Platform modules already initialized, skipping
Refreshing native plugins compatible for Editor in 4.34 ms, found 3 plugins.
Preloading 0 native plugins for Editor in 0.00 ms.
Unloading 3045 Unused Serialized files (Serialized files now loaded: 0)
Unloading 17 unused Assets / (79.9 KB). Loaded Objects now: 3526.
Memory consumption went from 111.8 MB to 111.7 MB.
Total: 5.199000 ms (FindLiveObjects: 0.415600 ms CreateObjectMapping: 0.322600 ms MarkObjects: 4.226100 ms  DeleteObjects: 0.231700 ms)

AssetImportParameters requested are different than current active one (requested -> active):
  custom:video-decoder-ogg-theora: a1e56fd34408186e4bbccfd4996cb3dc -> 
  custom:container-muxer-webm: aa71ff27fc2769a1b78a27578f13a17b -> 
  custom:container-demuxer-webm: 4f35f7cbe854078d1ac9338744f61a02 -> 
  custom:video-encoder-webm-vp8: eb34c28f22e8b96e1ab97ce403110664 -> 
  custom:audio-encoder-webm-vorbis: bf7c407c2cedff20999df2af8eb42d56 -> 
  custom:framework-win-MediaFoundation: 216162199b28c13a410421893ffa2e32 -> 
  custom:container-demuxer-ogg: 62fdf1f143b41e24485cea50d1cbac27 -> 
  custom:video-decoder-webm-vp8: 9c59270c3fd7afecdb556c50c9e8de78 -> 
  custom:audio-decoder-ogg-vorbis: bf7c407c2cedff20999df2af8eb42d56 -> 
========================================================================
Received Import Request.
  Time since last request: 55.980014 seconds.
  path: Assets/Scenes/GameScene.unity
  artifactKey: Guid(9fc0d4010bbf28b4594072e72b8655ab) Importer(815301076,1909f56bfc062723c751e8b465ee728b)
Start importing Assets/Scenes/GameScene.unity using Guid(9fc0d4010bbf28b4594072e72b8655ab) Importer(815301076,1909f56bfc062723c751e8b465ee728b)  -> (artifact id: '85cb658812d8653fd6de44f2366ac6e0') in 0.013550 seconds 
========================================================================
Received Import Request.
  Time since last request: 64.147069 seconds.
  path: Assets
  artifactKey: Guid(00000000000000001000000000000000) Importer(815301076,1909f56bfc062723c751e8b465ee728b)
Start importing Assets using Guid(00000000000000001000000000000000) Importer(815301076,1909f56bfc062723c751e8b465ee728b)  -> (artifact id: '79842766b460edbeab6a34051e857a80') in 0.005454 seconds 
========================================================================
Received Import Request.
  Time since last request: 20.140321 seconds.
  path: Assets/SpeechRecognitionStory.cs
  artifactKey: Guid(21a827b3a9f18f84fada4a68f2ee0e0c) Importer(815301076,1909f56bfc062723c751e8b465ee728b)
Start importing Assets/SpeechRecognitionStory.cs using Guid(21a827b3a9f18f84fada4a68f2ee0e0c) Importer(815301076,1909f56bfc062723c751e8b465ee728b)  -> (artifact id: 'e33ab45b81cdecc7b6dd0da40ab93bea') in 0.005461 seconds 
========================================================================
Received Prepare
Registering precompiled user dll's ...
Registered in 0.028943 seconds.
Begin MonoManager ReloadAssembly
Symbol file LoadedFromMemory doesn't match image C:\Users\Hua\S-t-imulation-Game\S(t)imulation Game\Library\PackageCache\com.unity.visualscripting@1.8.0\Editor\VisualScripting.Core\Dependencies\YamlDotNet\Unity.VisualScripting.YamlDotNet.dll
Symbol file LoadedFromMemory doesn't match image C:\Users\Hua\S-t-imulation-Game\S(t)imulation Game\Library\PackageCache\com.unity.visualscripting@1.8.0\Editor\VisualScripting.Core\Dependencies\DotNetZip\Unity.VisualScripting.IonicZip.dll
Native extension for WindowsStandalone target not found
Native extension for OSXStandalone target not found
Native extension for WebGL target not found
Refreshing native plugins compatible for Editor in 0.56 ms, found 3 plugins.
Preloading 0 native plugins for Editor in 0.00 ms.
Mono: successfully reloaded assembly
- Completed reload, in  1.655 seconds
Domain Reload Profiling:
	ReloadAssembly (1656ms)
		BeginReloadAssembly (343ms)
			ExecutionOrderSort (0ms)
			DisableScriptedObjects (13ms)
			BackupInstance (0ms)
			ReleaseScriptingObjects (0ms)
			CreateAndSetChildDomain (63ms)
		EndReloadAssembly (1059ms)
			LoadAssemblies (240ms)
			RebuildTransferFunctionScriptingTraits (0ms)
			SetupTypeCache (379ms)
			ReleaseScriptCaches (1ms)
			RebuildScriptCaches (53ms)
			SetupLoadedEditorAssemblies (432ms)
				LogAssemblyErrors (0ms)
				InitializePlatformSupportModulesInManaged (14ms)
				SetLoadedEditorAssemblies (1ms)
				RefreshPlugins (1ms)
				BeforeProcessingInitializeOnLoad (98ms)
				ProcessInitializeOnLoadAttributes (277ms)
				ProcessInitializeOnLoadMethodAttributes (23ms)
				AfterProcessingInitializeOnLoad (18ms)
				EditorAssembliesLoaded (0ms)
			ExecutionOrderSort2 (0ms)
			AwakeInstancesAfterBackupRestoration (15ms)
Platform modules already initialized, skipping
Refreshing native plugins compatible for Editor in 3.23 ms, found 3 plugins.
Preloading 0 native plugins for Editor in 0.00 ms.
Unloading 3046 Unused Serialized files (Serialized files now loaded: 0)
Unloading 17 unused Assets / (79.9 KB). Loaded Objects now: 3530.
Memory consumption went from 111.8 MB to 111.7 MB.
Total: 3.405200 ms (FindLiveObjects: 0.285400 ms CreateObjectMapping: 0.200400 ms MarkObjects: 2.814800 ms  DeleteObjects: 0.103100 ms)

AssetImportParameters requested are different than current active one (requested -> active):
  custom:video-decoder-ogg-theora: a1e56fd34408186e4bbccfd4996cb3dc -> 
  custom:container-muxer-webm: aa71ff27fc2769a1b78a27578f13a17b -> 
  custom:container-demuxer-webm: 4f35f7cbe854078d1ac9338744f61a02 -> 
  custom:video-encoder-webm-vp8: eb34c28f22e8b96e1ab97ce403110664 -> 
  custom:audio-encoder-webm-vorbis: bf7c407c2cedff20999df2af8eb42d56 -> 
  custom:framework-win-MediaFoundation: 216162199b28c13a410421893ffa2e32 -> 
  custom:container-demuxer-ogg: 62fdf1f143b41e24485cea50d1cbac27 -> 
  custom:video-decoder-webm-vp8: 9c59270c3fd7afecdb556c50c9e8de78 -> 
  custom:audio-decoder-ogg-vorbis: bf7c407c2cedff20999df2af8eb42d56 -> 
========================================================================
Received Import Request.
  Time since last request: 12.545010 seconds.
  path: Assets/Scripts
  artifactKey: Guid(cd1f79afb6d2f6f478622c28d729af5d) Importer(815301076,1909f56bfc062723c751e8b465ee728b)
Start importing Assets/Scripts using Guid(cd1f79afb6d2f6f478622c28d729af5d) Importer(815301076,1909f56bfc062723c751e8b465ee728b)  -> (artifact id: '94bc5427ad16f2f557b8642b1d4fe304') in 0.009490 seconds 
========================================================================
Received Prepare
Registering precompiled user dll's ...
Registered in 0.016924 seconds.
Begin MonoManager ReloadAssembly
Symbol file LoadedFromMemory doesn't match image C:\Users\Hua\S-t-imulation-Game\S(t)imulation Game\Library\PackageCache\com.unity.visualscripting@1.8.0\Editor\VisualScripting.Core\Dependencies\YamlDotNet\Unity.VisualScripting.YamlDotNet.dll
Symbol file LoadedFromMemory doesn't match image C:\Users\Hua\S-t-imulation-Game\S(t)imulation Game\Library\PackageCache\com.unity.visualscripting@1.8.0\Editor\VisualScripting.Core\Dependencies\DotNetZip\Unity.VisualScripting.IonicZip.dll
Native extension for WindowsStandalone target not found
Native extension for OSXStandalone target not found
Native extension for WebGL target not found
Refreshing native plugins compatible for Editor in 0.69 ms, found 3 plugins.
Preloading 0 native plugins for Editor in 0.00 ms.
Mono: successfully reloaded assembly
- Completed reload, in  1.889 seconds
Domain Reload Profiling:
	ReloadAssembly (1895ms)
		BeginReloadAssembly (303ms)
			ExecutionOrderSort (0ms)
			DisableScriptedObjects (15ms)
			BackupInstance (0ms)
			ReleaseScriptingObjects (0ms)
			CreateAndSetChildDomain (60ms)
		EndReloadAssembly (1338ms)
			LoadAssemblies (213ms)
			RebuildTransferFunctionScriptingTraits (0ms)
			SetupTypeCache (467ms)
			ReleaseScriptCaches (2ms)
			RebuildScriptCaches (69ms)
			SetupLoadedEditorAssemblies (543ms)
				LogAssemblyErrors (0ms)
				InitializePlatformSupportModulesInManaged (19ms)
				SetLoadedEditorAssemblies (2ms)
				RefreshPlugins (1ms)
				BeforeProcessingInitializeOnLoad (126ms)
				ProcessInitializeOnLoadAttributes (343ms)
				ProcessInitializeOnLoadMethodAttributes (28ms)
				AfterProcessingInitializeOnLoad (23ms)
				EditorAssembliesLoaded (0ms)
			ExecutionOrderSort2 (0ms)
			AwakeInstancesAfterBackupRestoration (21ms)
Platform modules already initialized, skipping
